<?xml version="1.0" encoding="UTF-8"?>
<!-- Generated by org.testng.reporters.JUnitReportReporter -->
<testsuite hostname="Salma" failures="0" tests="1" name="tests.LandingPageTest" time="15.595" errors="0" timestamp="2024-10-22T11:59:20 EDT" skipped="0">
  <testcase classname="tests.LandingPageTest" name="homePageTest" time="15.595"/>
</testsuite> <!-- tests.LandingPageTest -->
